2024/03/07 11:19:27 INFO mlflow.store.db.utils: Creating initial MLflow database tables...
2024/03/07 11:19:27 INFO mlflow.store.db.utils: Updating database tables
INFO  [alembic.runtime.migration] Context impl SQLiteImpl.
INFO  [alembic.runtime.migration] Will assume non-transactional DDL.
INFO  [alembic.runtime.migration] Running upgrade  -> 451aebb31d03, add metric step
INFO  [alembic.runtime.migration] Running upgrade 451aebb31d03 -> 90e64c465722, migrate user column to tags
INFO  [alembic.runtime.migration] Running upgrade 90e64c465722 -> 181f10493468, allow nulls for metric values
INFO  [alembic.runtime.migration] Running upgrade 181f10493468 -> df50e92ffc5e, Add Experiment Tags Table
INFO  [alembic.runtime.migration] Running upgrade df50e92ffc5e -> 7ac759974ad8, Update run tags with larger limit
INFO  [alembic.runtime.migration] Running upgrade 7ac759974ad8 -> 89d4b8295536, create latest metrics table
INFO  [89d4b8295536_create_latest_metrics_table_py] Migration complete!
INFO  [alembic.runtime.migration] Running upgrade 89d4b8295536 -> 2b4d017a5e9b, add model registry tables to db
INFO  [2b4d017a5e9b_add_model_registry_tables_to_db_py] Adding registered_models and model_versions tables to database.
INFO  [2b4d017a5e9b_add_model_registry_tables_to_db_py] Migration complete!
INFO  [alembic.runtime.migration] Running upgrade 2b4d017a5e9b -> cfd24bdc0731, Update run status constraint with killed
INFO  [alembic.runtime.migration] Running upgrade cfd24bdc0731 -> 0a8213491aaa, drop_duplicate_killed_constraint
INFO  [alembic.runtime.migration] Running upgrade 0a8213491aaa -> 728d730b5ebd, add registered model tags table
INFO  [alembic.runtime.migration] Running upgrade 728d730b5ebd -> 27a6a02d2cf1, add model version tags table
INFO  [alembic.runtime.migration] Running upgrade 27a6a02d2cf1 -> 84291f40a231, add run_link to model_version
INFO  [alembic.runtime.migration] Running upgrade 84291f40a231 -> a8c4a736bde6, allow nulls for run_id
INFO  [alembic.runtime.migration] Running upgrade a8c4a736bde6 -> 39d1c3be5f05, add_is_nan_constraint_for_metrics_tables_if_necessary
INFO  [alembic.runtime.migration] Running upgrade 39d1c3be5f05 -> c48cb773bb87, reset_default_value_for_is_nan_in_metrics_table_for_mysql
INFO  [alembic.runtime.migration] Running upgrade c48cb773bb87 -> bd07f7e963c5, create index on run_uuid
INFO  [alembic.runtime.migration] Running upgrade bd07f7e963c5 -> 0c779009ac13, add deleted_time field to runs table
INFO  [alembic.runtime.migration] Running upgrade 0c779009ac13 -> cc1f77228345, change param value length to 500
INFO  [alembic.runtime.migration] Running upgrade cc1f77228345 -> 97727af70f4d, Add creation_time and last_update_time to experiments table
INFO  [alembic.runtime.migration] Running upgrade 97727af70f4d -> 3500859a5d39, Add Model Aliases table
INFO  [alembic.runtime.migration] Running upgrade 3500859a5d39 -> 7f2a7d5fae7d, add datasets inputs input_tags tables
INFO  [alembic.runtime.migration] Running upgrade 7f2a7d5fae7d -> 2d6e25af4d3e, increase max param val length from 500 to 8000
INFO  [alembic.runtime.migration] Running upgrade 2d6e25af4d3e -> acf3f17fdcc7, add storage location field to model versions
INFO  [alembic.runtime.migration] Context impl SQLiteImpl.
INFO  [alembic.runtime.migration] Will assume non-transactional DDL.
[2024-03-07 11:19:28 +0100] [52705] [INFO] Starting gunicorn 21.2.0
[2024-03-07 11:19:28 +0100] [52705] [INFO] Listening at: http://0.0.0.0:500 (52705)
[2024-03-07 11:19:28 +0100] [52705] [INFO] Using worker: sync
[2024-03-07 11:19:28 +0100] [52713] [INFO] Booting worker with pid: 52713
[2024-03-07 11:19:28 +0100] [52714] [INFO] Booting worker with pid: 52714
[2024-03-07 11:19:28 +0100] [52719] [INFO] Booting worker with pid: 52719
[2024-03-07 11:19:28 +0100] [52733] [INFO] Booting worker with pid: 52733
[2024-03-07 11:20:53 +0100] [52705] [INFO] Handling signal: int
[2024-03-07 11:20:53 +0100] [52713] [INFO] Worker exiting (pid: 52713)
[2024-03-07 11:20:53 +0100] [52733] [INFO] Worker exiting (pid: 52733)
[2024-03-07 11:20:53 +0100] [52719] [INFO] Worker exiting (pid: 52719)
[2024-03-07 11:20:53 +0100] [52714] [INFO] Worker exiting (pid: 52714)

Aborted!
[2024-03-07 11:20:54 +0100] [52705] [INFO] Shutting down: Master
